{
  "RSpec": {
    "coverage": {
      "/Users/jarvis/Sites/meli/x-men/app.rb": {
        "lines": [
          1,
          1,
          null,
          1,
          1,
          1,
          null,
          null
        ]
      },
      "/Users/jarvis/Sites/meli/x-men/base.rb": {
        "lines": [
          1,
          1,
          1,
          1,
          null,
          3,
          2,
          null,
          1,
          1,
          1,
          null,
          1,
          null,
          1,
          null,
          1,
          1,
          null,
          null
        ]
      },
      "/Users/jarvis/Sites/meli/x-men/models/dna.rb": {
        "lines": [
          1,
          1,
          null,
          1,
          null,
          null,
          null,
          1,
          1,
          null,
          1,
          null,
          1,
          4,
          null,
          null,
          1,
          10,
          2,
          2,
          null,
          2,
          2,
          null,
          0,
          0,
          null,
          null,
          2,
          null,
          null,
          1,
          8,
          8,
          8,
          null,
          null,
          8,
          null,
          null,
          null,
          null,
          null,
          null,
          null,
          null,
          null,
          8,
          8,
          8,
          null,
          56,
          null,
          8,
          null,
          8,
          48,
          288,
          72,
          576,
          null,
          null,
          null,
          null,
          170,
          170,
          680,
          null,
          170,
          null,
          null,
          null,
          null,
          null,
          8,
          null,
          null
        ]
      },
      "/Users/jarvis/Sites/meli/x-men/models/stat.rb": {
        "lines": [
          1,
          1,
          null,
          1,
          4,
          null,
          null,
          null,
          null,
          null,
          null,
          1,
          null,
          8,
          4,
          null,
          null,
          4,
          null,
          null,
          1,
          1,
          12,
          null,
          null
        ]
      },
      "/Users/jarvis/Sites/meli/x-men/routes/dna.rb": {
        "lines": [
          1,
          1,
          1,
          1,
          1,
          1,
          null,
          1,
          0,
          0,
          0,
          null,
          null,
          1,
          0,
          0,
          null,
          0,
          null,
          null,
          null,
          null,
          0,
          null,
          null,
          null,
          null,
          null,
          null,
          null,
          null,
          null,
          null
        ]
      },
      "/Users/jarvis/Sites/meli/x-men/specs/integration/base_spec.rb": {
        "lines": [
          1,
          1,
          null,
          1,
          1,
          1,
          null,
          1,
          1,
          null,
          null
        ]
      },
      "/Users/jarvis/Sites/meli/x-men/specs/models/dna_spec.rb": {
        "lines": [
          1,
          1,
          null,
          1,
          1,
          1,
          null,
          1,
          1,
          null,
          1,
          4,
          4,
          null,
          null,
          1,
          1,
          1,
          1,
          1,
          null,
          null,
          1,
          1,
          1,
          1,
          null,
          null,
          null,
          1,
          1,
          1,
          1,
          null,
          null,
          1,
          1,
          1,
          null,
          null,
          null
        ]
      },
      "/Users/jarvis/Sites/meli/x-men/specs/models/stat_spec.rb": {
        "lines": [
          1,
          1,
          null,
          1,
          1,
          null,
          1,
          2,
          2,
          2,
          null,
          null,
          1,
          1,
          1,
          1,
          null,
          null,
          1,
          1,
          1,
          null,
          null,
          null
        ]
      }
    },
    "timestamp": 1622727288
  }
}
